2025-11-26 13:29:29, MOVE, v:1, k:poo@contato, mode:PICK
2025-11-26 13:29:30, EXEC, v:1, k:poo@contato, mode:FULL, rate:100
2025-11-26 13:29:31, MOVE, v:1, k:poo@contato, mode:BACK
2025-11-26 13:31:33, MOVE, v:1, k:poo@agenda, mode:PICK
2025-11-26 13:31:33, EXEC, v:1, k:poo@agenda, mode:FULL, rate:0, size:1
2025-11-26 13:31:36, EXEC, v:1, k:poo@agenda, mode:FULL, rate:0
2025-11-26 13:31:37, MOVE, v:1, k:poo@agenda, mode:BACK
2025-11-26 13:41:08, MOVE, v:1, k:poo@agenda, mode:PICK
2025-11-26 13:41:09, EXEC, v:1, k:poo@agenda, mode:FULL, rate:0, size:8
2025-11-26 13:41:10, MOVE, v:1, k:poo@agenda, mode:BACK
2025-11-26 13:43:48, MOVE, v:1, k:poo@agenda, mode:PICK
2025-11-26 13:43:49, EXEC, v:1, k:poo@agenda, mode:FULL, rate:0, size:10
2025-11-26 13:43:53, MOVE, v:1, k:poo@agenda, mode:BACK
2025-11-26 13:44:50, MOVE, v:1, k:poo@agenda, mode:PICK
2025-11-26 13:44:51, EXEC, v:1, k:poo@agenda, mode:FULL, rate:0, size:14
2025-11-26 13:44:52, EXEC, v:1, k:poo@agenda, mode:FULL, rate:0
2025-11-26 13:44:53, MOVE, v:1, k:poo@agenda, mode:BACK
2025-11-26 14:04:23, MOVE, v:1, k:poo@agenda, mode:PICK
2025-11-26 14:04:24, EXEC, v:1, k:poo@agenda, mode:FULL, rate:0, size:18
2025-11-26 14:04:25, MOVE, v:1, k:poo@agenda, mode:BACK
2025-11-26 14:18:07, MOVE, v:1, k:poo@agenda, mode:PICK
2025-11-26 14:18:08, EXEC, v:1, k:poo@agenda, mode:FULL, rate:0, size:31
2025-11-26 14:18:09, MOVE, v:1, k:poo@agenda, mode:BACK
2025-11-26 14:38:22, MOVE, v:1, k:poo@agenda, mode:PICK
2025-11-26 14:38:23, EXEC, v:1, k:poo@agenda, mode:FULL, rate:0, size:53
2025-11-26 14:38:23, EXEC, v:1, k:poo@agenda, mode:FULL, rate:0, size:53
2025-11-26 14:38:28, MOVE, v:1, k:poo@agenda, mode:BACK
2025-11-26 14:38:40, SELF, v:1, k:poo@contato, rate:100, alone:10
2025-11-26 14:52:45, MOVE, v:1, k:poo@agenda, mode:PICK
2025-11-26 14:52:46, EXEC, v:1, k:poo@agenda, mode:FULL, rate:0, size:68
2025-11-26 14:52:47, EXEC, v:1, k:poo@agenda, mode:FULL, rate:0
2025-11-26 14:52:48, MOVE, v:1, k:poo@agenda, mode:BACK
